01:19:51.407 [main] DEBUG io.netty.util.internal.PlatformDependent - org.jctools-core.MpscChunkedArrayQueue: available
01:19:51.435 [main] DEBUG io.netty.util.internal.InternalThreadLocalMap - -Dio.netty.threadLocalMap.stringBuilder.initialSize: 1024
01:19:51.435 [main] DEBUG io.netty.util.internal.InternalThreadLocalMap - -Dio.netty.threadLocalMap.stringBuilder.maxSize: 4096
01:19:51.570 [main] DEBUG io.netty.handler.ssl.JdkSslContext - Default protocols (JDK): [TLSv1.3, TLSv1.2] 
01:19:51.570 [main] DEBUG io.netty.handler.ssl.JdkSslContext - Default cipher suites (JDK): [TLS_ECDHE_ECDSA_WITH_AES_256_GCM_SHA384, TLS_ECDHE_ECDSA_WITH_AES_128_GCM_SHA256, TLS_ECDHE_RSA_WITH_AES_128_GCM_SHA256, TLS_ECDHE_RSA_WITH_AES_256_GCM_SHA384, TLS_ECDHE_RSA_WITH_AES_128_CBC_SHA, TLS_ECDHE_RSA_WITH_AES_256_CBC_SHA, TLS_RSA_WITH_AES_128_GCM_SHA256, TLS_RSA_WITH_AES_128_CBC_SHA, TLS_RSA_WITH_AES_256_CBC_SHA, TLS_AES_128_GCM_SHA256, TLS_AES_256_GCM_SHA384]
01:19:51.610 [main] DEBUG io.netty.util.concurrent.GlobalEventExecutor - -Dio.netty.globalEventExecutor.quietPeriodSeconds: 1
01:19:51.624 [main] DEBUG io.netty.channel.MultithreadEventLoopGroup - -Dio.netty.eventLoopThreads: 24
01:19:51.632 [main] DEBUG io.netty.channel.nio.NioEventLoop - -Dio.netty.noKeySetOptimization: false
01:19:51.632 [main] DEBUG io.netty.channel.nio.NioEventLoop - -Dio.netty.selectorAutoRebuildThreshold: 512
01:19:51.741 [main] DEBUG io.netty.buffer.PooledByteBufAllocator - -Dio.netty.allocator.numHeapArenas: 24
01:19:51.741 [main] DEBUG io.netty.buffer.PooledByteBufAllocator - -Dio.netty.allocator.numDirectArenas: 24
01:19:51.741 [main] DEBUG io.netty.buffer.PooledByteBufAllocator - -Dio.netty.allocator.pageSize: 8192
01:19:51.741 [main] DEBUG io.netty.buffer.PooledByteBufAllocator - -Dio.netty.allocator.maxOrder: 9
01:19:51.742 [main] DEBUG io.netty.buffer.PooledByteBufAllocator - -Dio.netty.allocator.chunkSize: 4194304
01:19:51.742 [main] DEBUG io.netty.buffer.PooledByteBufAllocator - -Dio.netty.allocator.smallCacheSize: 256
01:19:51.742 [main] DEBUG io.netty.buffer.PooledByteBufAllocator - -Dio.netty.allocator.normalCacheSize: 64
01:19:51.742 [main] DEBUG io.netty.buffer.PooledByteBufAllocator - -Dio.netty.allocator.maxCachedBufferCapacity: 32768
01:19:51.742 [main] DEBUG io.netty.buffer.PooledByteBufAllocator - -Dio.netty.allocator.cacheTrimInterval: 8192
01:19:51.742 [main] DEBUG io.netty.buffer.PooledByteBufAllocator - -Dio.netty.allocator.cacheTrimIntervalMillis: 0
01:19:51.742 [main] DEBUG io.netty.buffer.PooledByteBufAllocator - -Dio.netty.allocator.useCacheForAllThreads: false
01:19:51.742 [main] DEBUG io.netty.buffer.PooledByteBufAllocator - -Dio.netty.allocator.maxCachedByteBuffersPerChunk: 1023
01:19:51.752 [main] DEBUG io.netty.buffer.ByteBufUtil - -Dio.netty.allocator.type: pooled
01:19:51.752 [main] DEBUG io.netty.buffer.ByteBufUtil - -Dio.netty.threadLocalDirectBufferSize: 0
01:19:51.752 [main] DEBUG io.netty.buffer.ByteBufUtil - -Dio.netty.maxThreadLocalCharBufferSize: 16384
01:19:52.066 [Forwarding newSession on session null to remote] DEBUG io.netty.channel.DefaultChannelId - -Dio.netty.processId: 1812 (auto-detected)
01:19:52.067 [Forwarding newSession on session null to remote] DEBUG io.netty.util.NetUtil - -Djava.net.preferIPv4Stack: false
01:19:52.067 [Forwarding newSession on session null to remote] DEBUG io.netty.util.NetUtil - -Djava.net.preferIPv6Addresses: false
01:19:52.077 [Forwarding newSession on session null to remote] DEBUG io.netty.util.NetUtilInitializations - Loopback interface: lo (Software Loopback Interface 1, 127.0.0.1)
01:19:52.077 [Forwarding newSession on session null to remote] DEBUG io.netty.util.NetUtil - Failed to get SOMAXCONN from sysctl and file \proc\sys\net\core\somaxconn. Default: 200
01:19:52.101 [Forwarding newSession on session null to remote] DEBUG io.netty.channel.DefaultChannelId - -Dio.netty.machineId: 38:7a:0e:ff:fe:72:f6:0a (auto-detected)
01:19:52.131 [AsyncHttpClient-1-2] DEBUG io.netty.buffer.AbstractByteBuf - -Dio.netty.buffer.checkAccessible: true
01:19:52.131 [AsyncHttpClient-1-2] DEBUG io.netty.buffer.AbstractByteBuf - -Dio.netty.buffer.checkBounds: true
01:19:52.131 [AsyncHttpClient-1-2] DEBUG io.netty.util.ResourceLeakDetectorFactory - Loaded default ResourceLeakDetector: io.netty.util.ResourceLeakDetector@6b6c11b9
01:19:52.154 [AsyncHttpClient-1-2] DEBUG io.netty.util.Recycler - -Dio.netty.recycler.maxCapacityPerThread: 4096
01:19:52.155 [AsyncHttpClient-1-2] DEBUG io.netty.util.Recycler - -Dio.netty.recycler.ratio: 8
01:19:52.155 [AsyncHttpClient-1-2] DEBUG io.netty.util.Recycler - -Dio.netty.recycler.chunkSize: 32
01:19:52.155 [AsyncHttpClient-1-2] DEBUG io.netty.util.Recycler - -Dio.netty.recycler.blocking: false
01:19:52.155 [AsyncHttpClient-1-2] DEBUG io.netty.util.Recycler - -Dio.netty.recycler.batchFastThreadLocalOnly: true
01:19:52.984 [AsyncHttpClient-1-2] DEBUG io.netty.handler.codec.compression.Brotli - brotli4j not in the classpath; Brotli support will be unavailable.
01:19:53.066 [main] DEBUG io.netty.util.internal.ThreadLocalRandom - -Dio.netty.initialSeedUniquifier: 0x5dd3d72d2693b0b3
01:19:54.630 [main] INFO  stepDefinitions.steps - Clicked on My Account 
01:19:55.449 [main] INFO  stepDefinitions.steps - Clicked on Login 
01:19:55.573 [main] DEBUG org.apache.poi.openxml4j.opc.PackageRelationshipCollection - Parsing relationship: /xl/_rels/workbook.xml.rels
01:19:55.577 [main] DEBUG org.apache.poi.openxml4j.opc.PackageRelationshipCollection - Parsing relationship: /xl/worksheets/_rels/sheet1.xml.rels
01:19:55.578 [main] DEBUG org.apache.poi.openxml4j.opc.PackageRelationshipCollection - Parsing relationship: /_rels/.rels
01:19:55.846 [main] DEBUG org.apache.poi.ooxml.POIXMLFactory - using default POIXMLDocumentPart for http://schemas.openxmlformats.org/officeDocument/2006/relationships/printerSettings
01:19:56.366 [main] ERROR stepDefinitions.steps - Exception occurred: Cannot invoke "pageObjects.MyAccountPage.isMyAccountPageExists()" because "this.myAccountPage" is null
01:20:00.849 [main] INFO  stepDefinitions.steps - Clicked on My Account 
01:20:01.377 [main] INFO  stepDefinitions.steps - Clicked on Login 
01:20:01.387 [main] DEBUG org.apache.poi.openxml4j.opc.PackageRelationshipCollection - Parsing relationship: /xl/_rels/workbook.xml.rels
01:20:01.388 [main] DEBUG org.apache.poi.openxml4j.opc.PackageRelationshipCollection - Parsing relationship: /xl/worksheets/_rels/sheet1.xml.rels
01:20:01.389 [main] DEBUG org.apache.poi.openxml4j.opc.PackageRelationshipCollection - Parsing relationship: /_rels/.rels
01:20:01.400 [main] DEBUG org.apache.poi.ooxml.POIXMLFactory - using default POIXMLDocumentPart for http://schemas.openxmlformats.org/officeDocument/2006/relationships/printerSettings
01:20:01.923 [main] ERROR stepDefinitions.steps - Exception occurred: Cannot invoke "pageObjects.MyAccountPage.isMyAccountPageExists()" because "this.myAccountPage" is null
01:20:05.614 [main] INFO  stepDefinitions.steps - Clicked on My Account 
01:20:06.488 [main] INFO  stepDefinitions.steps - Clicked on Login 
01:20:06.498 [main] DEBUG org.apache.poi.openxml4j.opc.PackageRelationshipCollection - Parsing relationship: /xl/_rels/workbook.xml.rels
01:20:06.499 [main] DEBUG org.apache.poi.openxml4j.opc.PackageRelationshipCollection - Parsing relationship: /xl/worksheets/_rels/sheet1.xml.rels
01:20:06.500 [main] DEBUG org.apache.poi.openxml4j.opc.PackageRelationshipCollection - Parsing relationship: /_rels/.rels
01:20:06.513 [main] DEBUG org.apache.poi.ooxml.POIXMLFactory - using default POIXMLDocumentPart for http://schemas.openxmlformats.org/officeDocument/2006/relationships/printerSettings
01:20:07.154 [main] ERROR stepDefinitions.steps - Exception occurred: Cannot invoke "pageObjects.MyAccountPage.isMyAccountPageExists()" because "this.myAccountPage" is null
01:20:11.765 [main] INFO  stepDefinitions.steps - Clicked on My Account 
01:20:12.248 [main] INFO  stepDefinitions.steps - Clicked on Login 
01:20:12.256 [main] DEBUG org.apache.poi.openxml4j.opc.PackageRelationshipCollection - Parsing relationship: /xl/_rels/workbook.xml.rels
01:20:12.257 [main] DEBUG org.apache.poi.openxml4j.opc.PackageRelationshipCollection - Parsing relationship: /xl/worksheets/_rels/sheet1.xml.rels
01:20:12.258 [main] DEBUG org.apache.poi.openxml4j.opc.PackageRelationshipCollection - Parsing relationship: /_rels/.rels
01:20:12.267 [main] DEBUG org.apache.poi.ooxml.POIXMLFactory - using default POIXMLDocumentPart for http://schemas.openxmlformats.org/officeDocument/2006/relationships/printerSettings
01:20:12.823 [main] ERROR stepDefinitions.steps - Exception occurred: Cannot invoke "pageObjects.MyAccountPage.isMyAccountPageExists()" because "this.myAccountPage" is null
01:20:16.785 [main] INFO  stepDefinitions.steps - Clicked on My Account 
01:20:19.562 [main] INFO  stepDefinitions.steps - Clicked on Login 
01:20:19.572 [main] DEBUG org.apache.poi.openxml4j.opc.PackageRelationshipCollection - Parsing relationship: /xl/_rels/workbook.xml.rels
01:20:19.573 [main] DEBUG org.apache.poi.openxml4j.opc.PackageRelationshipCollection - Parsing relationship: /xl/worksheets/_rels/sheet1.xml.rels
01:20:19.576 [main] DEBUG org.apache.poi.openxml4j.opc.PackageRelationshipCollection - Parsing relationship: /_rels/.rels
01:20:19.595 [main] DEBUG org.apache.poi.ooxml.POIXMLFactory - using default POIXMLDocumentPart for http://schemas.openxmlformats.org/officeDocument/2006/relationships/printerSettings
01:20:20.518 [main] ERROR stepDefinitions.steps - Exception occurred: Cannot invoke "pageObjects.MyAccountPage.isMyAccountPageExists()" because "this.myAccountPage" is null
01:21:40.219 [main] INFO  stepDefinitions.steps - Clicked on My Account 
01:21:40.741 [main] INFO  stepDefinitions.steps - Clicked on Login 
01:21:41.789 [main] ERROR stepDefinitions.steps - Exception occurred: Cannot invoke "pageObjects.MyAccountPage.isMyAccountPageExists()" because "this.myAccountPage" is null
01:21:46.450 [main] INFO  stepDefinitions.steps - Clicked on My Account 
01:21:46.947 [main] INFO  stepDefinitions.steps - Clicked on Login 
01:21:47.507 [main] ERROR stepDefinitions.steps - Exception occurred: Cannot invoke "pageObjects.MyAccountPage.isMyAccountPageExists()" because "this.myAccountPage" is null
01:21:51.658 [main] INFO  stepDefinitions.steps - Clicked on My Account 
01:21:52.129 [main] INFO  stepDefinitions.steps - Clicked on Login 
01:21:52.771 [main] ERROR stepDefinitions.steps - Exception occurred: Cannot invoke "pageObjects.MyAccountPage.isMyAccountPageExists()" because "this.myAccountPage" is null
01:31:09.583 [main] INFO  stepDefinitions.steps - Clicked on My Account 
01:31:10.377 [main] INFO  stepDefinitions.steps - Clicked on Login 
01:31:11.971 [main] INFO  stepDefinitions.steps - Is My Account Page Exists? false
01:31:11.971 [main] ERROR stepDefinitions.steps - Invalid 'result' value in Excel data.
01:31:15.756 [main] INFO  stepDefinitions.steps - Clicked on My Account 
01:31:16.581 [main] INFO  stepDefinitions.steps - Clicked on Login 
01:31:17.418 [main] INFO  stepDefinitions.steps - Is My Account Page Exists? false
01:31:17.418 [main] ERROR stepDefinitions.steps - Invalid 'result' value in Excel data.
01:31:21.132 [main] INFO  stepDefinitions.steps - Clicked on My Account 
01:31:21.970 [main] INFO  stepDefinitions.steps - Clicked on Login 
01:31:22.743 [main] INFO  stepDefinitions.steps - Is My Account Page Exists? false
01:31:22.744 [main] ERROR stepDefinitions.steps - Login failed due to wrong credentials
01:34:12.671 [main] INFO  stepDefinitions.steps - Clicked on My Account 
01:34:13.266 [main] INFO  stepDefinitions.steps - Clicked on Login 
01:34:14.311 [main] INFO  stepDefinitions.steps - Is My Account Page Exists? false
01:34:14.311 [main] INFO  stepDefinitions.steps - Login failed as expected
01:34:18.248 [main] INFO  stepDefinitions.steps - Clicked on My Account 
01:34:19.068 [main] INFO  stepDefinitions.steps - Clicked on Login 
01:34:19.609 [main] INFO  stepDefinitions.steps - Is My Account Page Exists? false
01:34:19.609 [main] INFO  stepDefinitions.steps - Login failed as expected
01:34:23.692 [main] INFO  stepDefinitions.steps - Clicked on My Account 
01:34:24.282 [main] INFO  stepDefinitions.steps - Clicked on Login 
01:34:24.948 [main] INFO  stepDefinitions.steps - Is My Account Page Exists? false
01:34:24.948 [main] ERROR stepDefinitions.steps - Login failed due to wrong credentials
01:39:19.457 [main] INFO  stepDefinitions.steps - Clicked on My Account 
01:39:20.269 [main] INFO  stepDefinitions.steps - Clicked on Login 
01:39:26.210 [main] INFO  stepDefinitions.steps - Is My Account Page Exists? false
01:39:26.211 [main] INFO  stepDefinitions.steps - Login failed as expected
01:39:29.832 [main] INFO  stepDefinitions.steps - Clicked on My Account 
01:39:30.763 [main] INFO  stepDefinitions.steps - Clicked on Login 
01:39:36.693 [main] INFO  stepDefinitions.steps - Is My Account Page Exists? false
01:39:36.694 [main] INFO  stepDefinitions.steps - Login failed as expected
01:39:39.815 [main] INFO  stepDefinitions.steps - Clicked on My Account 
01:39:40.271 [main] INFO  stepDefinitions.steps - Clicked on Login 
01:39:46.094 [main] INFO  stepDefinitions.steps - Is My Account Page Exists? false
01:39:46.095 [main] ERROR stepDefinitions.steps - Login failed due to wrong credentials
01:45:26.179 [main] INFO  stepDefinitions.steps - Clicked on My Account 
01:45:27.056 [main] INFO  stepDefinitions.steps - Clicked on Login 
01:45:43.881 [main] INFO  stepDefinitions.steps - Is My Account Page Exists? false
01:45:43.881 [main] INFO  stepDefinitions.steps - Login failed as expected
01:45:47.029 [main] INFO  stepDefinitions.steps - Clicked on My Account 
01:45:47.614 [main] INFO  stepDefinitions.steps - Clicked on Login 
01:46:03.306 [main] INFO  stepDefinitions.steps - Is My Account Page Exists? false
01:46:03.306 [main] INFO  stepDefinitions.steps - Login failed as expected
01:46:06.376 [main] INFO  stepDefinitions.steps - Clicked on My Account 
01:46:07.053 [main] INFO  stepDefinitions.steps - Clicked on Login 
01:46:12.984 [main] INFO  stepDefinitions.steps - Is My Account Page Exists? true
01:46:13.578 [main] INFO  stepDefinitions.steps - Logged out successfully
01:54:28.509 [main] INFO  stepDefinitions.steps - Clicked on My Account 
01:54:29.072 [main] INFO  stepDefinitions.steps - Clicked on Login 
01:54:29.175 [main] INFO  stepDefinitions.steps - Provided Email 
01:54:29.249 [main] INFO  stepDefinitions.steps - Provided Password 
01:54:29.636 [main] INFO  stepDefinitions.steps - Clicked on Login button
01:54:39.675 [main] ERROR stepDefinitions.steps - Login Failed 
01:55:12.405 [main] INFO  stepDefinitions.steps - Clicked on My Account 
01:55:13.243 [main] INFO  stepDefinitions.steps - Clicked on Login 
01:55:24.218 [main] INFO  stepDefinitions.steps - Is My Account Page Exists? false
01:55:24.218 [main] INFO  stepDefinitions.steps - Login failed as expected
01:55:27.429 [main] INFO  stepDefinitions.steps - Clicked on My Account 
01:55:27.897 [main] INFO  stepDefinitions.steps - Clicked on Login 
01:55:38.614 [main] INFO  stepDefinitions.steps - Is My Account Page Exists? false
01:55:38.614 [main] INFO  stepDefinitions.steps - Login failed as expected
01:55:41.682 [main] INFO  stepDefinitions.steps - Clicked on My Account 
01:55:42.332 [main] INFO  stepDefinitions.steps - Clicked on Login 
01:55:43.167 [main] INFO  stepDefinitions.steps - Is My Account Page Exists? true
01:55:43.791 [main] INFO  stepDefinitions.steps - Logged out successfully
00:53:03.309 [main] INFO  stepDefinitions.steps - Clicked on My Account 
00:53:03.922 [main] INFO  stepDefinitions.steps - Clicked on Login 
00:53:03.990 [main] INFO  stepDefinitions.steps - Provided Email 
00:53:04.064 [main] INFO  stepDefinitions.steps - Provided Password 
00:53:04.749 [main] INFO  stepDefinitions.steps - Clicked on Login button
00:53:04.791 [main] INFO  stepDefinitions.steps - Login Success 
00:53:09.377 [main] INFO  stepDefinitions.steps - Clicked on My Account 
00:53:09.896 [main] INFO  stepDefinitions.steps - Clicked on Login 
00:53:09.985 [main] INFO  stepDefinitions.steps - Provided Email 
00:53:10.070 [main] INFO  stepDefinitions.steps - Provided Password 
00:53:10.469 [main] INFO  stepDefinitions.steps - Clicked on Login button
00:53:20.596 [main] ERROR stepDefinitions.steps - Login Failed 
00:56:42.121 [main] INFO  stepDefinitions.steps - Clicked on My Account 
00:56:42.782 [main] INFO  stepDefinitions.steps - Clicked on Login 
00:56:42.883 [main] INFO  stepDefinitions.steps - Provided Email 
00:56:42.962 [main] INFO  stepDefinitions.steps - Provided Password 
00:56:43.750 [main] INFO  stepDefinitions.steps - Clicked on Login button
00:56:43.812 [main] INFO  stepDefinitions.steps - Login Success 
01:08:54.686 [main] INFO  stepDefinitions.steps - Clicked on My Account 
01:08:55.556 [main] INFO  stepDefinitions.steps - Clicked on Login 
01:08:55.717 [main] INFO  stepDefinitions.steps - Provided Email 
01:08:55.786 [main] INFO  stepDefinitions.steps - Provided Password 
01:08:56.160 [main] INFO  stepDefinitions.steps - Clicked on Login button
01:08:56.216 [main] INFO  stepDefinitions.steps - Login Success 
01:12:55.645 [main] INFO  stepDefinitions.steps - Clicked on My Account 
01:12:56.214 [main] INFO  stepDefinitions.steps - Clicked on Login 
01:12:56.314 [main] INFO  stepDefinitions.steps - Provided Email 
01:12:56.380 [main] INFO  stepDefinitions.steps - Provided Password 
01:12:57.136 [main] INFO  stepDefinitions.steps - Clicked on Login button
01:12:57.213 [main] INFO  stepDefinitions.steps - Login Success 
